e:\my documents\visual studio 2013\introtoopengl\introtoopengl\debug\vc120.pdb
e:\my documents\visual studio 2013\introtoopengl\introtoopengl\debug\vc120.idb
e:\my documents\visual studio 2013\introtoopengl\introtoopengl\debug\flycamera.obj
e:\my documents\visual studio 2013\introtoopengl\introtoopengl\debug\gpuparticle.obj
e:\my documents\visual studio 2013\introtoopengl\introtoopengl\debug\inputmanager.obj
e:\my documents\visual studio 2013\introtoopengl\introtoopengl\debug\main.obj
e:\my documents\visual studio 2013\introtoopengl\introtoopengl\debug\mirrortest1.obj
e:\my documents\visual studio 2013\introtoopengl\introtoopengl\debug\particle.obj
e:\my documents\visual studio 2013\introtoopengl\introtoopengl\debug\renderer.obj
e:\my documents\visual studio 2013\introtoopengl\introtoopengl\debug\staticcamera.obj
e:\my documents\visual studio 2013\introtoopengl\introtoopengl\debug\tutorial10.obj
e:\my documents\visual studio 2013\introtoopengl\introtoopengl\debug\tutorial11.obj
e:\my documents\visual studio 2013\introtoopengl\introtoopengl\debug\tutorial12.obj
e:\my documents\visual studio 2013\introtoopengl\introtoopengl\debug\tutorial2.obj
e:\my documents\visual studio 2013\introtoopengl\introtoopengl\debug\tutorial3.obj
e:\my documents\visual studio 2013\introtoopengl\introtoopengl\debug\tutorial4.obj
e:\my documents\visual studio 2013\introtoopengl\introtoopengl\debug\tutorial5.obj
e:\my documents\visual studio 2013\introtoopengl\introtoopengl\debug\tutorial6.obj
e:\my documents\visual studio 2013\introtoopengl\introtoopengl\debug\tutorial7.obj
e:\my documents\visual studio 2013\introtoopengl\introtoopengl\debug\tutorial8.obj
e:\my documents\visual studio 2013\introtoopengl\introtoopengl\debug\tutorial9.obj
e:\my documents\visual studio 2013\introtoopengl\introtoopengl\debug\tutorial1.obj
e:\my documents\visual studio 2013\introtoopengl\introtoopengl\debug\gizmos.obj
e:\my documents\visual studio 2013\introtoopengl\introtoopengl\debug\application.obj
e:\my documents\visual studio 2013\introtoopengl\introtoopengl\debug\camera.obj
e:\my documents\visual studio 2013\introtoopengl\introtoopengl\debug\checkerstest1.obj
e:\my documents\visual studio 2013\introtoopengl\introtoopengl\debug\gl_core_4_4.obj
e:\my documents\visual studio 2013\introtoopengl\debug\introtoopengl.ilk
e:\my documents\visual studio 2013\introtoopengl\debug\introtoopengl.exe
e:\my documents\visual studio 2013\introtoopengl\debug\introtoopengl.pdb
e:\my documents\visual studio 2013\introtoopengl\introtoopengl\debug\introtoopengl.tlog\cl.command.1.tlog
e:\my documents\visual studio 2013\introtoopengl\introtoopengl\debug\introtoopengl.tlog\cl.read.1.tlog
e:\my documents\visual studio 2013\introtoopengl\introtoopengl\debug\introtoopengl.tlog\cl.write.1.tlog
e:\my documents\visual studio 2013\introtoopengl\introtoopengl\debug\introtoopengl.tlog\link.command.1.tlog
e:\my documents\visual studio 2013\introtoopengl\introtoopengl\debug\introtoopengl.tlog\link.read.1.tlog
e:\my documents\visual studio 2013\introtoopengl\introtoopengl\debug\introtoopengl.tlog\link.write.1.tlog
